Removed Pin From Net: NetName=GND Pin=U2-V_2
Removed Pin From Net: NetName=GND Pin=U2-V_3
Removed Pin From Net: NetName=GND Pin=U2-V_4
Removed Pin From Net: NetName=GND Pin=U2-V_5
Removed Pin From Net: NetName=GND Pin=U2-V_6
Removed Pin From Net: NetName=GND Pin=U2-V_7
Removed Pin From Net: NetName=GND Pin=U2-V_8
Removed Pin From Net: NetName=GND Pin=U2-V_9
Removed Pin From Net: NetName=GND Pin=U2-V_10
Removed Pin From Net: NetName=GND Pin=U2-V_11
Removed Pin From Net: NetName=GND Pin=U2-V_12
Removed Pin From Net: NetName=GND Pin=U2-V_13
Removed Pin From Net: NetName=GND Pin=U2-V_14
Removed Pin From Net: NetName=GND Pin=U2-V_15
Removed Pin From Net: NetName=GND Pin=U2-V_16
Removed Pin From Net: NetName=GND Pin=U2-V_17
Removed Pin From Net: NetName=GND Pin=U2-V_18
Removed Pin From Net: NetName=GND Pin=U2-V_19
Removed Pin From Net: NetName=GND Pin=U2-V_20
Removed Pin From Net: NetName=GND Pin=U2-V_21
Removed Pin From Net: NetName=GND Pin=U2-V_22
Removed Pin From Net: NetName=GND Pin=U2-V_23
Removed Pin From Net: NetName=GND Pin=U2-V_24
Removed Pin From Net: NetName=GND Pin=U2-V_25
Removed Pin From Net: NetName=GND Pin=U2-V
Removed Pin From Net: NetName=GND Pin=U3-V_2
Removed Pin From Net: NetName=GND Pin=U3-V_3
Removed Pin From Net: NetName=GND Pin=U3-V_4
Removed Pin From Net: NetName=GND Pin=U3-V_5
Removed Pin From Net: NetName=GND Pin=U3-V_6
Removed Pin From Net: NetName=GND Pin=U3-V_7
Removed Pin From Net: NetName=GND Pin=U3-V_8
Removed Pin From Net: NetName=GND Pin=U3-V_9
Removed Pin From Net: NetName=GND Pin=U3-V_10
Removed Pin From Net: NetName=GND Pin=U3-V_11
Removed Pin From Net: NetName=GND Pin=U3-V_12
Removed Pin From Net: NetName=GND Pin=U3-V_13
Removed Pin From Net: NetName=GND Pin=U3-V_14
Removed Pin From Net: NetName=GND Pin=U3-V_15
Removed Pin From Net: NetName=GND Pin=U3-V_16
Removed Pin From Net: NetName=GND Pin=U3-V
Removed Member From Class: ClassName=U_Flomio BLE-NFC - RFID Member=C1
Removed Member From Class: ClassName=U_Flomio BLE-NFC - SoC Member=C1
Removed Member From Class: ClassName=LED1 Member=C4
Removed Member From Class: ClassName=U_Flomio BLE-NFC - SoC Member=C4
Removed Member From Class: ClassName=U_Flomio BLE-NFC - RFID Member=C10
Removed Member From Class: ClassName=U_Flomio BLE-NFC - RFID Member=C12
Removed Member From Class: ClassName=U_Flomio BLE-NFC - SoC Member=C18
Removed Member From Class: ClassName=U_Flomio BLE-NFC - RFID Member=C19
Removed Member From Class: ClassName=U_Flomio BLE-NFC - SoC Member=C19
Removed Member From Class: ClassName=U_Flomio BLE-NFC - RFID Member=C20
Removed Member From Class: ClassName=U_Flomio BLE-NFC - RFID Member=C21
Removed Member From Class: ClassName=U_Flomio BLE-NFC - Power Member=C25
Removed Member From Class: ClassName=U_Flomio BLE-NFC - RFID Member=C26
Removed Member From Class: ClassName=U_Flomio BLE-NFC - RFID Member=C27
Removed Member From Class: ClassName=U_Flomio BLE-NFC - Power Member=C29
Removed Member From Class: ClassName=U_Flomio BLE-NFC - Power Member=C32
Removed Member From Class: ClassName=U_Flomio BLE-NFC - RFID Member=C32
Removed Member From Class: ClassName=U_Flomio BLE-NFC - Power Member=C37
Removed Member From Class: ClassName=U_Flomio BLE-NFC - Power Member=C38
Removed Member From Class: ClassName=U_Flomio BLE-NFC - Power Member=C40
Removed Member From Class: ClassName=U_Flomio BLE-NFC - Power Member=C45
Removed Member From Class: ClassName=U_Flomio BLE-NFC - Power Member=C47
Removed Member From Class: ClassName=U_Flomio BLE-NFC - SoC Member=E3
Removed Member From Class: ClassName=U_Flomio BLE-NFC - SoC Member=FID2
Removed Member From Class: ClassName=U_Flomio BLE-NFC - SoC Member=FID3
Removed Member From Class: ClassName=LED1 Member=FID4
Removed Member From Class: ClassName=U_Flomio BLE-NFC - RFID Member=L3
Removed Member From Class: ClassName=U_Flomio BLE-NFC - SoC Member=L5
Removed Member From Class: ClassName=U_Flomio BLE-NFC - SoC Member=L7
Removed Member From Class: ClassName=U_Flomio BLE-NFC - SoC Member=R2
Removed Member From Class: ClassName=U_Flomio BLE-NFC - RFID Member=R5
Removed Member From Class: ClassName=LED1 Member=R7
Removed Member From Class: ClassName=LED1 Member=R8
Removed Member From Class: ClassName=LED1 Member=TP1
Removed Member From Class: ClassName=LED2 Member=TP2
Removed Member From Class: ClassName=LED1 Member=TP7
Removed Member From Class: ClassName=U_Flomio BLE-NFC - SoC Member=Y3
Change Component DesignItemId : Designator=E2 Old DesignItemId=Flomio Antenea New DesignItemId=Flomio Antenna
Change Component DesignItemId : Designator=E3 Old DesignItemId=Flomio Antenea New DesignItemId=Flomio Antenna
Change Component Footprint: Designator=U3 Old Footprint=RHB32_3P45X3P45 New Footprint=QFN50P500X500X100-32N
Added Member To Class: ClassName=U_Flomio BLE-NFC - Power Member=Component C3 (C32) 2.2uf
Added Member To Class: ClassName=U_Flomio BLE-NFC - Power Member=Component C5 (C34) 0.1uf
Added Member To Class: ClassName=U_Flomio BLE-NFC - Power Member=Component C6 (C35) 0.1uf
Added Member To Class: ClassName=U_Flomio BLE-NFC - Power Member=Component C7 (C36) 0.1uf
Added Member To Class: ClassName=U_Flomio BLE-NFC - Power Member=Component C8 (C37) 0.1uf
Added Member To Class: ClassName=U_Flomio BLE-NFC - Power Member=Component C9 (C38) 220pf
Added Member To Class: ClassName=U_Flomio BLE-NFC - Power Member=Component C13 (C30) 150uf
Added Member To Class: ClassName=U_Flomio BLE-NFC - SoC Member=Component C25 (C43) 22pf
Added Member To Class: ClassName=U_Flomio BLE-NFC - SoC Member=Component C28 (C45) 18pf
Added Member To Class: ClassName=U_Flomio BLE-NFC - SoC Member=Component C29 (C46) 1pf
Added Member To Class: ClassName=U_Flomio BLE-NFC - SoC Member=Component C33 (C50) 1pf
Added Member To Class: ClassName=U_Flomio BLE-NFC - RFID Member=Component C35 (C26) 27pf
Added Member To Class: ClassName=U_Flomio BLE-NFC - RFID Member=Component C36 (C4) 27pf
Added Member To Class: ClassName=U_Flomio BLE-NFC - RFID Member=Component C39 (C18) 36pf
Added Member To Class: ClassName=U_Flomio BLE-NFC - RFID Member=Component C41 (C19) 5pf
Added Member To Class: ClassName=U_Flomio BLE-NFC - RFID Member=Component C43 (C14) 220pf
Added Member To Class: ClassName=U_Flomio BLE-NFC - RFID Member=Component C44 (C12) 680pf
Added Member To Class: ClassName=U_Flomio BLE-NFC - RFID Member=Component C46 (C17) 47pf
Added Member To Class: ClassName=U_Flomio BLE-NFC - RFID Member=Component C48 (C11) 1200pf
Added Member To Class: ClassName=U_Flomio BLE-NFC - RFID Member=Component C49 (C15) 680pf
Added Member To Class: ClassName=LED1 Member=Component C50 (C23) 10uf
Added Member To Class: ClassName=U_Flomio BLE-NFC - SoC Member=Component E1 (E3) 2450AT43A100E
Added Member To Class: ClassName=U_Flomio BLE-NFC - SoC Member=Component FID5 (FID11) Fiducial, .032"
Added Member To Class: ClassName=U_Flomio BLE-NFC - SoC Member=Component FID6 (FID12) Fiducial, .032"
Added Member To Class: ClassName=LED1 Member=Component FID10 (FID1) Fiducial, .032"
Added Member To Class: ClassName=U_Flomio BLE-NFC - SoC Member=Component L2 (L6) 1nH
Added Member To Class: ClassName=U_Flomio BLE-NFC - SoC Member=Component L4 (L8) 2nH
Added Member To Class: ClassName=U_Flomio BLE-NFC - RFID Member=Component L7 (L4) 1.5uH
Added Member To Class: ClassName=U_Flomio BLE-NFC - SoC Member=Component R9 (R20) 1.10K
Added Member To Class: ClassName=U_Flomio BLE-NFC - RFID Member=Component R13 (R15) 10.0K
Added Member To Class: ClassName=LED1 Member=Component R16 (R1) 33.0
Added Member To Class: ClassName=LED1 Member=Component R18 (R5) 698
Added Member To Class: ClassName=LED1 Member=Component TP11 (TP3) TP
Added Member To Class: ClassName=LED1 Member=Component TP14 (TP9) TP
Added Member To Class: ClassName=LED2 Member=Component TP15 (TP1) TP
Added Member To Class: ClassName=U_Flomio BLE-NFC - SoC Member=Component Y1 32.768KHz
