Removed Pin From Net: NetName=GND Pin=U3-V_2
Removed Pin From Net: NetName=GND Pin=U3-V_3
Removed Pin From Net: NetName=GND Pin=U3-V_4
Removed Pin From Net: NetName=GND Pin=U3-V_5
Removed Pin From Net: NetName=GND Pin=U3-V_6
Removed Pin From Net: NetName=GND Pin=U3-V_7
Removed Pin From Net: NetName=GND Pin=U3-V_8
Removed Pin From Net: NetName=GND Pin=U3-V_9
Removed Pin From Net: NetName=GND Pin=U3-V_10
Removed Pin From Net: NetName=GND Pin=U3-V_11
Removed Pin From Net: NetName=GND Pin=U3-V_12
Removed Pin From Net: NetName=GND Pin=U3-V_13
Removed Pin From Net: NetName=GND Pin=U3-V_14
Removed Pin From Net: NetName=GND Pin=U3-V_15
Removed Pin From Net: NetName=GND Pin=U3-V_16
Removed Pin From Net: NetName=GND Pin=U3-V
Removed Pin From Net: NetName=GND Pin=U4-V_2
Removed Pin From Net: NetName=GND Pin=U4-V_3
Removed Pin From Net: NetName=GND Pin=U4-V_4
Removed Pin From Net: NetName=GND Pin=U4-V_5
Removed Pin From Net: NetName=GND Pin=U4-V_6
Removed Pin From Net: NetName=GND Pin=U4-V_7
Removed Pin From Net: NetName=GND Pin=U4-V_8
Removed Pin From Net: NetName=GND Pin=U4-V_9
Removed Pin From Net: NetName=GND Pin=U4-V_10
Removed Pin From Net: NetName=GND Pin=U4-V_11
Removed Pin From Net: NetName=GND Pin=U4-V_12
Removed Pin From Net: NetName=GND Pin=U4-V_13
Removed Pin From Net: NetName=GND Pin=U4-V_14
Removed Pin From Net: NetName=GND Pin=U4-V_15
Removed Pin From Net: NetName=GND Pin=U4-V_16
Removed Pin From Net: NetName=GND Pin=U4-V_17
Removed Pin From Net: NetName=GND Pin=U4-V_18
Removed Pin From Net: NetName=GND Pin=U4-V_19
Removed Pin From Net: NetName=GND Pin=U4-V_20
Removed Pin From Net: NetName=GND Pin=U4-V_21
Removed Pin From Net: NetName=GND Pin=U4-V_22
Removed Pin From Net: NetName=GND Pin=U4-V_23
Removed Pin From Net: NetName=GND Pin=U4-V_24
Removed Pin From Net: NetName=GND Pin=U4-V_25
Removed Pin From Net: NetName=GND Pin=U4-V
Removed Member From Class: ClassName=U_Flomio BLE-NFC - Power Member=C25
Removed Member From Class: ClassName=U_Flomio BLE-NFC - Power Member=C27
Removed Member From Class: ClassName=U_Flomio BLE-NFC - Power Member=C32
Removed Member From Class: ClassName=U_Flomio BLE-NFC - Power Member=C34
Removed Member From Class: ClassName=U_Flomio BLE-NFC - Power Member=C35
Removed Member From Class: ClassName=U_Flomio BLE-NFC - Power Member=C36
Change Component Designator: OldDesignator=C1 NewDesignator=C16
Change Component Designator: OldDesignator=C1.23 NewDesignator=C50
Change Component Designator: OldDesignator=C1.24 NewDesignator=C51
Change Component Designator: OldDesignator=C2 NewDesignator=C17
Change Component Designator: OldDesignator=C2.23 NewDesignator=C52
Change Component Designator: OldDesignator=C2.24 NewDesignator=C53
Change Component Designator: OldDesignator=C3 NewDesignator=C14
Change Component Designator: OldDesignator=C4 NewDesignator=C36
Change Component Designator: OldDesignator=C5 NewDesignator=C15
Change Component Designator: OldDesignator=C6 NewDesignator=C20
Change Component Designator: OldDesignator=C7 NewDesignator=C21
Change Component Designator: OldDesignator=C8 NewDesignator=C38
Change Component Designator: OldDesignator=C9 NewDesignator=C40
Change Component Designator: OldDesignator=C10 NewDesignator=C42
Change Component Designator: OldDesignator=C11 NewDesignator=C48
Change Component Designator: OldDesignator=C12 NewDesignator=C44
Change Component Designator: OldDesignator=C13 NewDesignator=C37
Change Component Designator: OldDesignator=C14 NewDesignator=C43
Change Component Designator: OldDesignator=C15 NewDesignator=C49
Change Component Designator: OldDesignator=C16 NewDesignator=C45
Change Component Designator: OldDesignator=C17 NewDesignator=C46
Change Component Designator: OldDesignator=C18 NewDesignator=C39
Change Component Designator: OldDesignator=C19 NewDesignator=C41
Change Component Designator: OldDesignator=C20 NewDesignator=C47
Change Component Designator: OldDesignator=C21 NewDesignator=C22
Change Component Designator: OldDesignator=C22 NewDesignator=C23
Change Component Designator: OldDesignator=C25 NewDesignator=C1
Change Component Designator: OldDesignator=C26 NewDesignator=C35
Change Component Designator: OldDesignator=C27 NewDesignator=C2
Change Component Designator: OldDesignator=C28 NewDesignator=C18
Change Component Designator: OldDesignator=C29 NewDesignator=C19
Change Component Designator: OldDesignator=C30 NewDesignator=C13
Change Component Designator: OldDesignator=C31 NewDesignator=C27
Change Component Designator: OldDesignator=C32 NewDesignator=C3
Change Component Designator: OldDesignator=C33 NewDesignator=C4
Change Component Designator: OldDesignator=C34 NewDesignator=C5
Change Component Designator: OldDesignator=C35 NewDesignator=C6
Change Component Designator: OldDesignator=C36 NewDesignator=C7
Change Component Designator: OldDesignator=C37 NewDesignator=C8
Change Component Designator: OldDesignator=C38 NewDesignator=C9
Change Component Designator: OldDesignator=C39 NewDesignator=C10
Change Component Designator: OldDesignator=C40 NewDesignator=C11
Change Component Designator: OldDesignator=C41 NewDesignator=C12
Change Component Designator: OldDesignator=C42 NewDesignator=C24
Change Component Designator: OldDesignator=C43 NewDesignator=C25
Change Component Designator: OldDesignator=C44 NewDesignator=C26
Change Component Designator: OldDesignator=C45 NewDesignator=C28
Change Component Designator: OldDesignator=C46 NewDesignator=C29
Change Component Designator: OldDesignator=C47 NewDesignator=C30
Change Component Designator: OldDesignator=C48 NewDesignator=C31
Change Component Designator: OldDesignator=C49 NewDesignator=C32
Change Component Designator: OldDesignator=C50 NewDesignator=C33
Change Component Designator: OldDesignator=C51 NewDesignator=C34
Change Component Designator: OldDesignator=D1.2 NewDesignator=D2
Change Component Designator: OldDesignator=D2.2 NewDesignator=D3
Change Component Designator: OldDesignator=E1 NewDesignator=E2
Change Component Designator: OldDesignator=E2 NewDesignator=E3
Change Component Designator: OldDesignator=E3 NewDesignator=E1
Change Component Designator: OldDesignator=FID1.1 NewDesignator=FID10
Change Component Designator: OldDesignator=FID1.2 NewDesignator=FID11
Change Component Designator: OldDesignator=FID1.3 NewDesignator=FID12
Change Component Designator: OldDesignator=FID2.1 NewDesignator=FID13
Change Component Designator: OldDesignator=FID2.2 NewDesignator=FID14
Change Component Designator: OldDesignator=FID2.3 NewDesignator=FID15
Change Component Designator: OldDesignator=FID4 NewDesignator=FID1
Change Component Designator: OldDesignator=FID5 NewDesignator=FID2
Change Component Designator: OldDesignator=FID6 NewDesignator=FID3
Change Component Designator: OldDesignator=FID10 NewDesignator=FID4
Change Component Designator: OldDesignator=FID11 NewDesignator=FID5
Change Component Designator: OldDesignator=FID12 NewDesignator=FID6
Change Component Designator: OldDesignator=L1.1 NewDesignator=L8
Change Component Designator: OldDesignator=L2 NewDesignator=L5
Change Component Designator: OldDesignator=L2.1 NewDesignator=L9
Change Component Designator: OldDesignator=L3 NewDesignator=L6
Change Component Designator: OldDesignator=L4 NewDesignator=L7
Change Component Designator: OldDesignator=L5 NewDesignator=L1
Change Component Designator: OldDesignator=L6 NewDesignator=L2
Change Component Designator: OldDesignator=L7 NewDesignator=L3
Change Component Designator: OldDesignator=L8 NewDesignator=L4
Change Component Designator: OldDesignator=LED1.1 NewDesignator=LED1
Change Component Designator: OldDesignator=LED1.2 NewDesignator=LED2
Change Component Designator: OldDesignator=LED1.3 NewDesignator=LED3
Change Component Designator: OldDesignator=LED1.4 NewDesignator=LED4
Change Component Designator: OldDesignator=LED2.1 NewDesignator=LED5
Change Component Designator: OldDesignator=LED2.2 NewDesignator=LED6
Change Component Designator: OldDesignator=LED2.3 NewDesignator=LED7
Change Component Designator: OldDesignator=LED2.4 NewDesignator=LED8
Change Component Designator: OldDesignator=R1.1 NewDesignator=R16
Change Component Designator: OldDesignator=R1.3 NewDesignator=R17
Change Component Designator: OldDesignator=R1.5 NewDesignator=R18
Change Component Designator: OldDesignator=R1.6 NewDesignator=R19
Change Component Designator: OldDesignator=R1.7 NewDesignator=R20
Change Component Designator: OldDesignator=R2 NewDesignator=R14
Change Component Designator: OldDesignator=R2.1 NewDesignator=R21
Change Component Designator: OldDesignator=R2.3 NewDesignator=R22
Change Component Designator: OldDesignator=R2.5 NewDesignator=R23
Change Component Designator: OldDesignator=R2.6 NewDesignator=R24
Change Component Designator: OldDesignator=R2.7 NewDesignator=R25
Change Component Designator: OldDesignator=R4 NewDesignator=R15
Change Component Designator: OldDesignator=R8 NewDesignator=R1
Change Component Designator: OldDesignator=R9 NewDesignator=R2
Change Component Designator: OldDesignator=R10 NewDesignator=R5
Change Component Designator: OldDesignator=R11 NewDesignator=R6
Change Component Designator: OldDesignator=R12 NewDesignator=R3
Change Component Designator: OldDesignator=R13 NewDesignator=R10
Change Component Designator: OldDesignator=R14 NewDesignator=R12
Change Component Designator: OldDesignator=R15 NewDesignator=R13
Change Component Designator: OldDesignator=R16 NewDesignator=R7
Change Component Designator: OldDesignator=R17 NewDesignator=R4
Change Component Designator: OldDesignator=R18 NewDesignator=R8
Change Component Designator: OldDesignator=R19 NewDesignator=R11
Change Component Designator: OldDesignator=R20 NewDesignator=R9
Change Component Designator: OldDesignator=TP1.1 NewDesignator=TP9
Change Component Designator: OldDesignator=TP1.2 NewDesignator=TP10
Change Component Designator: OldDesignator=TP1.3 NewDesignator=TP11
Change Component Designator: OldDesignator=TP1.7 NewDesignator=TP12
Change Component Designator: OldDesignator=TP1.8 NewDesignator=TP13
Change Component Designator: OldDesignator=TP1.9 NewDesignator=TP14
Change Component Designator: OldDesignator=TP2.1 NewDesignator=TP15
Change Component Designator: OldDesignator=TP2.2 NewDesignator=TP16
Change Component Designator: OldDesignator=TP2.3 NewDesignator=TP17
Change Component Designator: OldDesignator=TP2.7 NewDesignator=TP18
Change Component Designator: OldDesignator=TP2.8 NewDesignator=TP19
Change Component Designator: OldDesignator=TP2.9 NewDesignator=TP20
Change Component Designator: OldDesignator=TP10 NewDesignator=TP3
Change Component Designator: OldDesignator=TP11 NewDesignator=TP7
Change Component Designator: OldDesignator=TP12 NewDesignator=TP8
Change Component Designator: OldDesignator=TP14 NewDesignator=TP1
Change Component Designator: OldDesignator=TP15 NewDesignator=TP2
Change Component Designator: OldDesignator=U1.1 NewDesignator=U4
Change Component Designator: OldDesignator=U2 NewDesignator=U1
Change Component Designator: OldDesignator=U2.1 NewDesignator=U5
Change Component Designator: OldDesignator=U4 NewDesignator=U2
Change Component Designator: OldDesignator=Y1 NewDesignator=Y3
Change Component Designator: OldDesignator=Y2 NewDesignator=Y1
Change Component Designator: OldDesignator=Y3 NewDesignator=Y2
Change Net Name : Old Net Name=NetC8_2 New Net Name=NetC38_2
Change Net Name : Old Net Name=NetC10_1 New Net Name=NetC37_1
Change Net Name : Old Net Name=NetC18_1 New Net Name=NetC39_1
Change Net Name : Old Net Name=NetC18_2 New Net Name=NetC39_2
Change Net Name : Old Net Name=NetC45_2 New Net Name=NetC28_2
Change Net Name : Old Net Name=NetC46_2 New Net Name=NetC29_2
Change Net Name : Old Net Name=NetC47_2 New Net Name=NetC30_2
Change Net Name : Old Net Name=NetC51_2 New Net Name=NetC34_2
Change Net Name : Old Net Name=NetE3_1 New Net Name=NetE1_1
Change Net Name : Old Net Name=NetR1.1_1 New Net Name=NetR16_1
Change Net Name : Old Net Name=NetR1.3_1 New Net Name=NetR17_1
Change Net Name : Old Net Name=NetR1.5_1 New Net Name=NetR18_1
Change Net Name : Old Net Name=NetR1.6_1 New Net Name=NetR19_1
Change Net Name : Old Net Name=NetR1.7_1 New Net Name=NetR20_1
Change Net Name : Old Net Name=NetR2.1_1 New Net Name=NetR21_1
Change Net Name : Old Net Name=NetR2.3_1 New Net Name=NetR22_1
Change Net Name : Old Net Name=NetR2.5_1 New Net Name=NetR23_1
Change Net Name : Old Net Name=NetR2.6_1 New Net Name=NetR24_1
Change Net Name : Old Net Name=NetR2.7_1 New Net Name=NetR25_1
Change Net Name : Old Net Name=NetTP14_1 New Net Name=NetTP1_1
Added Member To Class: ClassName=U_Flomio BLE-NFC - Power Member=Component C14 (C3) 0.01uf
Added Member To Class: ClassName=U_Flomio BLE-NFC - Power Member=Component C15 (C5) 2.2uf
Added Member To Class: ClassName=U_Flomio BLE-NFC - Power Member=Component C16 (C1) 0.01uf
Added Member To Class: ClassName=U_Flomio BLE-NFC - Power Member=Component C17 (C2) 0.47uf
Added Member To Class: ClassName=U_Flomio BLE-NFC - Power Member=Component C20 (C6) 0.01uf
Added Member To Class: ClassName=U_Flomio BLE-NFC - Power Member=Component C23 (C22) 2.2uf
Change Rule Scope 1 : Old Scope=InNet('NetE3_1') New Scope=InNet('NetE1_1')
Change Rule Scope 1 : Old Scope=InNet('NetE3_1') New Scope=InNet('NetE1_1')
