Added Pin To Net: NetName=GND Pin=U4-17
Added Pin To Net: NetName=GND Pin=U5-17
Change Net Name : Old Net Name=OUT_B01. New Net Name=OUT_B01
Change Net Name : Old Net Name=OUT_B02. New Net Name=OUT_B02
Change Net Name : Old Net Name=OUT_B11. New Net Name=OUT_B11
Change Net Name : Old Net Name=OUT_B12. New Net Name=OUT_B12
Change Net Name : Old Net Name=OUT_B21. New Net Name=OUT_B21
Change Net Name : Old Net Name=OUT_B22. New Net Name=OUT_B22
Change Net Name : Old Net Name=OUT_B31. New Net Name=OUT_B31
Change Net Name : Old Net Name=OUT_B32. New Net Name=OUT_B32
Change Net Name : Old Net Name=OUT_G01. New Net Name=OUT_G01
Change Net Name : Old Net Name=OUT_G02. New Net Name=OUT_G02
Change Net Name : Old Net Name=OUT_G11. New Net Name=OUT_G11
Change Net Name : Old Net Name=OUT_G12. New Net Name=OUT_G12
Change Net Name : Old Net Name=OUT_G21. New Net Name=OUT_G21
Change Net Name : Old Net Name=OUT_G22. New Net Name=OUT_G22
Change Net Name : Old Net Name=OUT_G31. New Net Name=OUT_G31
Change Net Name : Old Net Name=OUT_G32. New Net Name=OUT_G32
Change Net Name : Old Net Name=OUT_R01. New Net Name=OUT_R01
Change Net Name : Old Net Name=OUT_R02. New Net Name=OUT_R02
Change Net Name : Old Net Name=OUT_R11. New Net Name=OUT_R11
Change Net Name : Old Net Name=OUT_R12. New Net Name=OUT_R12
Change Net Name : Old Net Name=OUT_R21. New Net Name=OUT_R21
Change Net Name : Old Net Name=OUT_R22. New Net Name=OUT_R22
Change Net Name : Old Net Name=OUT_R31. New Net Name=OUT_R31
Change Net Name : Old Net Name=OUT_R32. New Net Name=OUT_R32
Change Net Name : Old Net Name=VDD_LED_DRV1. New Net Name=VDD_LED_DRV1
Change Net Name : Old Net Name=VDD_LED_DRV2. New Net Name=VDD_LED_DRV2
Added Member To Class: ClassName=LED1 Member=Component U4 (U1) MBI6024
Added Member To Class: ClassName=LED2 Member=Component U5 (U1) MBI6024
