Change Component Physical Designator: Old Designator=C1 New Designator=C16
Change Component Physical Designator: Old Designator=C1.23 New Designator=C50
Change Component Physical Designator: Old Designator=C1.24 New Designator=C51
Change Component Physical Designator: Old Designator=C2 New Designator=C17
Change Component Physical Designator: Old Designator=C2.23 New Designator=C52
Change Component Physical Designator: Old Designator=C2.24 New Designator=C53
Change Component Physical Designator: Old Designator=C3 New Designator=C14
Change Component Physical Designator: Old Designator=C4 New Designator=C36
Change Component Physical Designator: Old Designator=C5 New Designator=C15
Change Component Physical Designator: Old Designator=C6 New Designator=C20
Change Component Physical Designator: Old Designator=C7 New Designator=C21
Change Component Physical Designator: Old Designator=C8 New Designator=C38
Change Component Physical Designator: Old Designator=C9 New Designator=C40
Change Component Physical Designator: Old Designator=C10 New Designator=C42
Change Component Physical Designator: Old Designator=C11 New Designator=C48
Change Component Physical Designator: Old Designator=C12 New Designator=C44
Change Component Physical Designator: Old Designator=C13 New Designator=C37
Change Component Physical Designator: Old Designator=C14 New Designator=C43
Change Component Physical Designator: Old Designator=C15 New Designator=C49
Change Component Physical Designator: Old Designator=C16 New Designator=C45
Change Component Physical Designator: Old Designator=C17 New Designator=C46
Change Component Physical Designator: Old Designator=C18 New Designator=C39
Change Component Physical Designator: Old Designator=C19 New Designator=C41
Change Component Physical Designator: Old Designator=C20 New Designator=C47
Change Component Physical Designator: Old Designator=C21 New Designator=C22
Change Component Physical Designator: Old Designator=C22 New Designator=C23
Change Component Physical Designator: Old Designator=C25 New Designator=C1
Change Component Physical Designator: Old Designator=C26 New Designator=C35
Change Component Physical Designator: Old Designator=C27 New Designator=C2
Change Component Physical Designator: Old Designator=C28 New Designator=C18
Change Component Physical Designator: Old Designator=C29 New Designator=C19
Change Component Physical Designator: Old Designator=C30 New Designator=C13
Change Component Physical Designator: Old Designator=C31 New Designator=C27
Change Component Physical Designator: Old Designator=C32 New Designator=C3
Change Component Physical Designator: Old Designator=C33 New Designator=C4
Change Component Physical Designator: Old Designator=C34 New Designator=C5
Change Component Physical Designator: Old Designator=C35 New Designator=C6
Change Component Physical Designator: Old Designator=C36 New Designator=C7
Change Component Physical Designator: Old Designator=C37 New Designator=C8
Change Component Physical Designator: Old Designator=C38 New Designator=C9
Change Component Physical Designator: Old Designator=C39 New Designator=C10
Change Component Physical Designator: Old Designator=C40 New Designator=C11
Change Component Physical Designator: Old Designator=C41 New Designator=C12
Change Component Physical Designator: Old Designator=C42 New Designator=C24
Change Component Physical Designator: Old Designator=C43 New Designator=C25
Change Component Physical Designator: Old Designator=C44 New Designator=C26
Change Component Physical Designator: Old Designator=C45 New Designator=C28
Change Component Physical Designator: Old Designator=C46 New Designator=C29
Change Component Physical Designator: Old Designator=C47 New Designator=C30
Change Component Physical Designator: Old Designator=C48 New Designator=C31
Change Component Physical Designator: Old Designator=C49 New Designator=C32
Change Component Physical Designator: Old Designator=C50 New Designator=C33
Change Component Physical Designator: Old Designator=C51 New Designator=C34
Change Component Physical Designator: Old Designator=D1.2 New Designator=D2
Change Component Physical Designator: Old Designator=D2.2 New Designator=D3
Change Component Physical Designator: Old Designator=E1 New Designator=E2
Change Component Physical Designator: Old Designator=E2 New Designator=E3
Change Component Physical Designator: Old Designator=E3 New Designator=E1
Change Component Physical Designator: Old Designator=FID1.1 New Designator=FID10
Change Component Physical Designator: Old Designator=FID1.2 New Designator=FID11
Change Component Physical Designator: Old Designator=FID1.3 New Designator=FID12
Change Component Physical Designator: Old Designator=FID2.1 New Designator=FID13
Change Component Physical Designator: Old Designator=FID2.2 New Designator=FID14
Change Component Physical Designator: Old Designator=FID2.3 New Designator=FID15
Change Component Physical Designator: Old Designator=FID4 New Designator=FID1
Change Component Physical Designator: Old Designator=FID5 New Designator=FID2
Change Component Physical Designator: Old Designator=FID6 New Designator=FID3
Change Component Physical Designator: Old Designator=FID10 New Designator=FID4
Change Component Physical Designator: Old Designator=FID11 New Designator=FID5
Change Component Physical Designator: Old Designator=FID12 New Designator=FID6
Change Component Physical Designator: Old Designator=L1.1 New Designator=L8
Change Component Physical Designator: Old Designator=L2 New Designator=L5
Change Component Physical Designator: Old Designator=L2.1 New Designator=L9
Change Component Physical Designator: Old Designator=L3 New Designator=L6
Change Component Physical Designator: Old Designator=L4 New Designator=L7
Change Component Physical Designator: Old Designator=L5 New Designator=L1
Change Component Physical Designator: Old Designator=L6 New Designator=L2
Change Component Physical Designator: Old Designator=L7 New Designator=L3
Change Component Physical Designator: Old Designator=L8 New Designator=L4
Change Component Physical Designator: Old Designator=LED1.1 New Designator=LED1
Change Component Physical Designator: Old Designator=LED1.2 New Designator=LED2
Change Component Physical Designator: Old Designator=LED1.3 New Designator=LED3
Change Component Physical Designator: Old Designator=LED1.4 New Designator=LED4
Change Component Physical Designator: Old Designator=LED2.1 New Designator=LED5
Change Component Physical Designator: Old Designator=LED2.2 New Designator=LED6
Change Component Physical Designator: Old Designator=LED2.3 New Designator=LED7
Change Component Physical Designator: Old Designator=LED2.4 New Designator=LED8
Change Component Physical Designator: Old Designator=R1.1 New Designator=R16
Change Component Physical Designator: Old Designator=R1.3 New Designator=R17
Change Component Physical Designator: Old Designator=R1.5 New Designator=R18
Change Component Physical Designator: Old Designator=R1.6 New Designator=R19
Change Component Physical Designator: Old Designator=R1.7 New Designator=R20
Change Component Physical Designator: Old Designator=R2 New Designator=R14
Change Component Physical Designator: Old Designator=R2.1 New Designator=R21
Change Component Physical Designator: Old Designator=R2.3 New Designator=R22
Change Component Physical Designator: Old Designator=R2.5 New Designator=R23
Change Component Physical Designator: Old Designator=R2.6 New Designator=R24
Change Component Physical Designator: Old Designator=R2.7 New Designator=R25
Change Component Physical Designator: Old Designator=R4 New Designator=R15
Change Component Physical Designator: Old Designator=R8 New Designator=R1
Change Component Physical Designator: Old Designator=R9 New Designator=R2
Change Component Physical Designator: Old Designator=R10 New Designator=R5
Change Component Physical Designator: Old Designator=R11 New Designator=R6
Change Component Physical Designator: Old Designator=R12 New Designator=R3
Change Component Physical Designator: Old Designator=R13 New Designator=R10
Change Component Physical Designator: Old Designator=R14 New Designator=R12
Change Component Physical Designator: Old Designator=R15 New Designator=R13
Change Component Physical Designator: Old Designator=R16 New Designator=R7
Change Component Physical Designator: Old Designator=R17 New Designator=R4
Change Component Physical Designator: Old Designator=R18 New Designator=R8
Change Component Physical Designator: Old Designator=R19 New Designator=R11
Change Component Physical Designator: Old Designator=R20 New Designator=R9
Change Component Physical Designator: Old Designator=TP1.1 New Designator=TP9
Change Component Physical Designator: Old Designator=TP1.2 New Designator=TP10
Change Component Physical Designator: Old Designator=TP1.3 New Designator=TP11
Change Component Physical Designator: Old Designator=TP1.7 New Designator=TP12
Change Component Physical Designator: Old Designator=TP1.8 New Designator=TP13
Change Component Physical Designator: Old Designator=TP1.9 New Designator=TP14
Change Component Physical Designator: Old Designator=TP2.1 New Designator=TP15
Change Component Physical Designator: Old Designator=TP2.2 New Designator=TP16
Change Component Physical Designator: Old Designator=TP2.3 New Designator=TP17
Change Component Physical Designator: Old Designator=TP2.7 New Designator=TP18
Change Component Physical Designator: Old Designator=TP2.8 New Designator=TP19
Change Component Physical Designator: Old Designator=TP2.9 New Designator=TP20
Change Component Physical Designator: Old Designator=TP10 New Designator=TP3
Change Component Physical Designator: Old Designator=TP11 New Designator=TP7
Change Component Physical Designator: Old Designator=TP12 New Designator=TP8
Change Component Physical Designator: Old Designator=TP14 New Designator=TP1
Change Component Physical Designator: Old Designator=TP15 New Designator=TP2
Change Component Physical Designator: Old Designator=U1.1 New Designator=U4
Change Component Physical Designator: Old Designator=U2 New Designator=U1
Change Component Physical Designator: Old Designator=U2.1 New Designator=U5
Change Component Physical Designator: Old Designator=U4 New Designator=U2
Change Component Physical Designator: Old Designator=Y1 New Designator=Y3
Change Component Physical Designator: Old Designator=Y2 New Designator=Y1
Change Component Physical Designator: Old Designator=Y3 New Designator=Y2
