Removed Member From Class: ClassName=U_Flomio BLE-NFC - Power Member=C28
Removed Member From Class: ClassName=U_Flomio BLE-NFC - Power Member=C32
Change Component Comment : Designator=C19 Old Comment=36pf New Comment=5pf
Change Component Comment : Designator=C20 Old Comment=56pf New Comment=27pf
Change Component Comment : Designator=R9 Old Comment=243K New Comment=255K, 0.1%
Change Component Comment : Designator=D1 Old Comment=CDSOD323-T05 New Comment=BAT54WS
Change Component Designator: OldDesignator=C1 NewDesignator=C20
Change Component Designator: OldDesignator=C2 NewDesignator=C21
Change Component Designator: OldDesignator=C3 NewDesignator=C18
Change Component Designator: OldDesignator=C4 NewDesignator=C29
Change Component Designator: OldDesignator=C5 NewDesignator=C19
Change Component Designator: OldDesignator=C6 NewDesignator=C24
Change Component Designator: OldDesignator=C7 NewDesignator=C25
Change Component Designator: OldDesignator=C8 NewDesignator=C31
Change Component Designator: OldDesignator=C9 NewDesignator=C33
Change Component Designator: OldDesignator=C10 NewDesignator=C35
Change Component Designator: OldDesignator=C11 NewDesignator=C41
Change Component Designator: OldDesignator=C12 NewDesignator=C37
Change Component Designator: OldDesignator=C13 NewDesignator=C30
Change Component Designator: OldDesignator=C14 NewDesignator=C36
Change Component Designator: OldDesignator=C15 NewDesignator=C42
Change Component Designator: OldDesignator=C16 NewDesignator=C38
Change Component Designator: OldDesignator=C17 NewDesignator=C39
Change Component Designator: OldDesignator=C18 NewDesignator=C32
Change Component Designator: OldDesignator=C19 NewDesignator=C34
Change Component Designator: OldDesignator=C20 NewDesignator=C40
Change Component Designator: OldDesignator=C21 NewDesignator=C26
Change Component Designator: OldDesignator=C22 NewDesignator=C27
Change Component Designator: OldDesignator=C23_LED1 NewDesignator=C1
Change Component Designator: OldDesignator=C23_LED2 NewDesignator=C3
Change Component Designator: OldDesignator=C24_LED1 NewDesignator=C2
Change Component Designator: OldDesignator=C24_LED2 NewDesignator=C4
Change Component Designator: OldDesignator=C25 NewDesignator=C5
Change Component Designator: OldDesignator=C26 NewDesignator=C28
Change Component Designator: OldDesignator=C27 NewDesignator=C6
Change Component Designator: OldDesignator=C28 NewDesignator=C22
Change Component Designator: OldDesignator=C29 NewDesignator=C23
Change Component Designator: OldDesignator=C30 NewDesignator=C17
Change Component Designator: OldDesignator=C31 NewDesignator=C46
Change Component Designator: OldDesignator=C32 NewDesignator=C7
Change Component Designator: OldDesignator=C33 NewDesignator=C8
Change Component Designator: OldDesignator=C34 NewDesignator=C9
Change Component Designator: OldDesignator=C35 NewDesignator=C10
Change Component Designator: OldDesignator=C36 NewDesignator=C11
Change Component Designator: OldDesignator=C37 NewDesignator=C12
Change Component Designator: OldDesignator=C38 NewDesignator=C13
Change Component Designator: OldDesignator=C39 NewDesignator=C14
Change Component Designator: OldDesignator=C40 NewDesignator=C15
Change Component Designator: OldDesignator=C41 NewDesignator=C16
Change Component Designator: OldDesignator=C42 NewDesignator=C43
Change Component Designator: OldDesignator=C43 NewDesignator=C44
Change Component Designator: OldDesignator=C44 NewDesignator=C45
Change Component Designator: OldDesignator=C45 NewDesignator=C47
Change Component Designator: OldDesignator=C46 NewDesignator=C48
Change Component Designator: OldDesignator=C47 NewDesignator=C49
Change Component Designator: OldDesignator=C48 NewDesignator=C50
Change Component Designator: OldDesignator=C49 NewDesignator=C51
Change Component Designator: OldDesignator=C50 NewDesignator=C52
Change Component Designator: OldDesignator=C51 NewDesignator=C53
Change Component Designator: OldDesignator=D1 NewDesignator=D3
Change Component Designator: OldDesignator=D2_LED1 NewDesignator=D1
Change Component Designator: OldDesignator=D2_LED2 NewDesignator=D2
Change Component Designator: OldDesignator=FID1_LED1 NewDesignator=FID1
Change Component Designator: OldDesignator=FID1_LED2 NewDesignator=FID4
Change Component Designator: OldDesignator=FID2_LED1 NewDesignator=FID2
Change Component Designator: OldDesignator=FID2_LED2 NewDesignator=FID5
Change Component Designator: OldDesignator=FID3_LED1 NewDesignator=FID3
Change Component Designator: OldDesignator=FID3_LED2 NewDesignator=FID6
Change Component Designator: OldDesignator=FID4 NewDesignator=FID7
Change Component Designator: OldDesignator=FID5 NewDesignator=FID8
Change Component Designator: OldDesignator=FID6 NewDesignator=FID9
Change Component Designator: OldDesignator=FID7 NewDesignator=FID10
Change Component Designator: OldDesignator=FID8 NewDesignator=FID11
Change Component Designator: OldDesignator=FID9 NewDesignator=FID12
Change Component Designator: OldDesignator=FID10 NewDesignator=FID13
Change Component Designator: OldDesignator=FID11 NewDesignator=FID14
Change Component Designator: OldDesignator=FID12 NewDesignator=FID15
Change Component Designator: OldDesignator=L1_LED1 NewDesignator=L1
Change Component Designator: OldDesignator=L1_LED2 NewDesignator=L2
Change Component Designator: OldDesignator=L2 NewDesignator=L3
Change Component Designator: OldDesignator=L3 NewDesignator=L4
Change Component Designator: OldDesignator=L4 NewDesignator=L5
Change Component Designator: OldDesignator=L5 NewDesignator=L6
Change Component Designator: OldDesignator=L6 NewDesignator=L7
Change Component Designator: OldDesignator=L7 NewDesignator=L8
Change Component Designator: OldDesignator=L8 NewDesignator=L9
Change Component Designator: OldDesignator=LED1_LED1 NewDesignator=LED1
Change Component Designator: OldDesignator=LED1_LED2 NewDesignator=LED5
Change Component Designator: OldDesignator=LED2_LED1 NewDesignator=LED2
Change Component Designator: OldDesignator=LED2_LED2 NewDesignator=LED6
Change Component Designator: OldDesignator=LED3_LED1 NewDesignator=LED3
Change Component Designator: OldDesignator=LED3_LED2 NewDesignator=LED7
Change Component Designator: OldDesignator=LED4_LED1 NewDesignator=LED4
Change Component Designator: OldDesignator=LED4_LED2 NewDesignator=LED8
Change Component Designator: OldDesignator=R1_LED1 NewDesignator=R1
Change Component Designator: OldDesignator=R1_LED2 NewDesignator=R6
Change Component Designator: OldDesignator=R2 NewDesignator=R15
Change Component Designator: OldDesignator=R3_LED1 NewDesignator=R2
Change Component Designator: OldDesignator=R3_LED2 NewDesignator=R7
Change Component Designator: OldDesignator=R4 NewDesignator=R16
Change Component Designator: OldDesignator=R5_LED1 NewDesignator=R3
Change Component Designator: OldDesignator=R5_LED2 NewDesignator=R8
Change Component Designator: OldDesignator=R6_LED1 NewDesignator=R4
Change Component Designator: OldDesignator=R6_LED2 NewDesignator=R9
Change Component Designator: OldDesignator=R7_LED1 NewDesignator=R5
Change Component Designator: OldDesignator=R7_LED2 NewDesignator=R10
Change Component Designator: OldDesignator=R8 NewDesignator=R11
Change Component Designator: OldDesignator=R9 NewDesignator=R12
Change Component Designator: OldDesignator=R10 NewDesignator=R19
Change Component Designator: OldDesignator=R11 NewDesignator=R20
Change Component Designator: OldDesignator=R12 NewDesignator=R17
Change Component Designator: OldDesignator=R13 NewDesignator=R24
Change Component Designator: OldDesignator=R14 NewDesignator=R13
Change Component Designator: OldDesignator=R15 NewDesignator=R14
Change Component Designator: OldDesignator=R16 NewDesignator=R21
Change Component Designator: OldDesignator=R17 NewDesignator=R18
Change Component Designator: OldDesignator=R18 NewDesignator=R22
Change Component Designator: OldDesignator=R19 NewDesignator=R25
Change Component Designator: OldDesignator=R20 NewDesignator=R23
Change Component Designator: OldDesignator=TP1_LED1 NewDesignator=TP1
Change Component Designator: OldDesignator=TP1_LED2 NewDesignator=TP7
Change Component Designator: OldDesignator=TP2_LED1 NewDesignator=TP2
Change Component Designator: OldDesignator=TP2_LED2 NewDesignator=TP8
Change Component Designator: OldDesignator=TP3_LED1 NewDesignator=TP3
Change Component Designator: OldDesignator=TP3_LED2 NewDesignator=TP9
Change Component Designator: OldDesignator=TP4 NewDesignator=TP14
Change Component Designator: OldDesignator=TP5 NewDesignator=TP15
Change Component Designator: OldDesignator=TP6 NewDesignator=TP16
Change Component Designator: OldDesignator=TP7_LED1 NewDesignator=TP4
Change Component Designator: OldDesignator=TP7_LED2 NewDesignator=TP10
Change Component Designator: OldDesignator=TP8_LED1 NewDesignator=TP5
Change Component Designator: OldDesignator=TP8_LED2 NewDesignator=TP11
Change Component Designator: OldDesignator=TP9_LED1 NewDesignator=TP6
Change Component Designator: OldDesignator=TP9_LED2 NewDesignator=TP12
Change Component Designator: OldDesignator=TP10 NewDesignator=TP13
Change Component Designator: OldDesignator=TP11 NewDesignator=TP17
Change Component Designator: OldDesignator=TP12 NewDesignator=TP18
Change Component Designator: OldDesignator=TP13 NewDesignator=TP19
Change Component Designator: OldDesignator=TP14 NewDesignator=TP20
Change Component Designator: OldDesignator=TP15 NewDesignator=TP21
Change Component Designator: OldDesignator=U1_LED1 NewDesignator=U1
Change Component Designator: OldDesignator=U1_LED2 NewDesignator=U2
Change Component Designator: OldDesignator=U2 NewDesignator=U3
Change Component Designator: OldDesignator=U3 NewDesignator=U4
Change Component Designator: OldDesignator=U4 NewDesignator=U5
Change Net Name : Old Net Name=NetC8_2 New Net Name=NetC31_2
Change Net Name : Old Net Name=NetC10_1 New Net Name=NetC30_1
Change Net Name : Old Net Name=NetC18_1 New Net Name=NetC32_1
Change Net Name : Old Net Name=NetC18_2 New Net Name=NetC32_2
Change Net Name : Old Net Name=NetC45_2 New Net Name=NetC47_2
Change Net Name : Old Net Name=NetC46_2 New Net Name=NetC48_2
Change Net Name : Old Net Name=NetC47_2 New Net Name=NetC49_2
Change Net Name : Old Net Name=NetC51_2 New Net Name=NetC53_2
Change Net Name : Old Net Name=NetD1_2 New Net Name=NetD3_2
Change Net Name : Old Net Name=NetR1_LED1_1 New Net Name=NetR1_1
Change Net Name : Old Net Name=NetR1_LED2_1 New Net Name=NetR6_1
Change Net Name : Old Net Name=NetR3_LED1_1 New Net Name=NetR2_1
Change Net Name : Old Net Name=NetR3_LED2_1 New Net Name=NetR7_1
Change Net Name : Old Net Name=NetR5_LED1_1 New Net Name=NetR3_1
Change Net Name : Old Net Name=NetR5_LED2_1 New Net Name=NetR8_1
Change Net Name : Old Net Name=NetR6_LED1_1 New Net Name=NetR4_1
Change Net Name : Old Net Name=NetR6_LED2_1 New Net Name=NetR9_1
Change Net Name : Old Net Name=NetR7_LED1_1 New Net Name=NetR5_1
Change Net Name : Old Net Name=NetR7_LED2_1 New Net Name=NetR10_1
Change Net Name : Old Net Name=NetTP13_1 New Net Name=NetTP19_1
Change Net Name : Old Net Name=NetTP14_1 New Net Name=NetTP20_1
Change Net Name : Old Net Name=OUT_B0_LED1 New Net Name=OUT_B01.
Change Net Name : Old Net Name=OUT_B0_LED2 New Net Name=OUT_B02.
Change Net Name : Old Net Name=OUT_B1_LED1 New Net Name=OUT_B11.
Change Net Name : Old Net Name=OUT_B1_LED2 New Net Name=OUT_B12.
Change Net Name : Old Net Name=OUT_B2_LED1 New Net Name=OUT_B21.
Change Net Name : Old Net Name=OUT_B2_LED2 New Net Name=OUT_B22.
Change Net Name : Old Net Name=OUT_B3_LED1 New Net Name=OUT_B31.
Change Net Name : Old Net Name=OUT_B3_LED2 New Net Name=OUT_B32.
Change Net Name : Old Net Name=OUT_G0_LED1 New Net Name=OUT_G01.
Change Net Name : Old Net Name=OUT_G0_LED2 New Net Name=OUT_G02.
Change Net Name : Old Net Name=OUT_G1_LED1 New Net Name=OUT_G11.
Change Net Name : Old Net Name=OUT_G1_LED2 New Net Name=OUT_G12.
Change Net Name : Old Net Name=OUT_G2_LED1 New Net Name=OUT_G21.
Change Net Name : Old Net Name=OUT_G2_LED2 New Net Name=OUT_G22.
Change Net Name : Old Net Name=OUT_G3_LED1 New Net Name=OUT_G31.
Change Net Name : Old Net Name=OUT_G3_LED2 New Net Name=OUT_G32.
Change Net Name : Old Net Name=OUT_R0_LED1 New Net Name=OUT_R01.
Change Net Name : Old Net Name=OUT_R0_LED2 New Net Name=OUT_R02.
Change Net Name : Old Net Name=OUT_R1_LED1 New Net Name=OUT_R11.
Change Net Name : Old Net Name=OUT_R1_LED2 New Net Name=OUT_R12.
Change Net Name : Old Net Name=OUT_R2_LED1 New Net Name=OUT_R21.
Change Net Name : Old Net Name=OUT_R2_LED2 New Net Name=OUT_R22.
Change Net Name : Old Net Name=OUT_R3_LED1 New Net Name=OUT_R31.
Change Net Name : Old Net Name=OUT_R3_LED2 New Net Name=OUT_R32.
Change Net Name : Old Net Name=VDD_LED_DRV_LED1 New Net Name=VDD_LED_DRV1.
Change Net Name : Old Net Name=VDD_LED_DRV_LED2 New Net Name=VDD_LED_DRV2.
Added Member To Class: ClassName=U_Flomio BLE-NFC - Power Member=Component C19 (C5) 2.2uf
Added Member To Class: ClassName=U_Flomio BLE-NFC - Power Member=Component C24 (C6) 0.01uf
