Added Component: Designator=B1(BATT/2481)
Added Component: Designator=C1(SM/C_0603)
Added Component: Designator=C2(SM/C_0603)
Added Component: Designator=C3(SM/C_0603)
Added Component: Designator=C4(SM/C_0603)
Added Component: Designator=C5(SM/C_0603)
Added Component: Designator=C6(SM/C_0603)
Added Component: Designator=C7(SM/C_0603)
Added Component: Designator=C8(SM/C_0603)
Added Component: Designator=C9(SM/C_0603)
Added Component: Designator=C10(SM/C_0603)
Added Component: Designator=C11(SM/C_0603)
Added Component: Designator=C12(SM/C_0603)
Added Component: Designator=C13(SM/C_0603)
Added Component: Designator=C14(SM/C_0603)
Added Component: Designator=C15(SM/C_0603)
Added Component: Designator=C16(SM/C_0603)
Added Component: Designator=C17(SM/C_0603)
Added Component: Designator=C18(SM/C_0603)
Added Component: Designator=C19(SM/C_0603)
Added Component: Designator=C20(SM/C_0603)
Added Component: Designator=C21(SM/C_0603)
Added Component: Designator=C22(SM/C_0603)
Added Component: Designator=C23_LED1(SM/C_0603)
Added Component: Designator=C23_LED2(SM/C_0603)
Added Component: Designator=C24_LED1(SM/C_0402)
Added Component: Designator=C24_LED2(SM/C_0402)
Added Component: Designator=C25(SM/C_0603)
Added Component: Designator=C26(SM/C_0603)
Added Component: Designator=C27(SM/C_0603)
Added Component: Designator=C28(SM/C_0603)
Added Component: Designator=C29(SM/C_0603)
Added Component: Designator=C30(SM/C_2917(7343m))
Added Component: Designator=C31(SM/C_0603)
Added Component: Designator=C32(SM/C_0603)
Added Component: Designator=C33(SM/C_0603)
Added Component: Designator=C34(SM/C_0603)
Added Component: Designator=C35(SM/C_0603)
Added Component: Designator=C36(SM/C_0603)
Added Component: Designator=C37(SM/C_0603)
Added Component: Designator=C38(SM/C_0603)
Added Component: Designator=C39(SM/C_0603)
Added Component: Designator=C40(SM/C_0603)
Added Component: Designator=C41(SM/C_0603)
Added Component: Designator=C42(SM/C_0603)
Added Component: Designator=C43(SM/C_0603)
Added Component: Designator=C44(SM/C_0603)
Added Component: Designator=C45(SM/C_0402)
Added Component: Designator=C46(SM/C_0402)
Added Component: Designator=C47(SM/C_0402)
Added Component: Designator=C48(SM/C_0603)
Added Component: Designator=C49(SM/C_0603)
Added Component: Designator=C50(SM/C_0402)
Added Component: Designator=C51(SM/C_0402)
Added Component: Designator=D1(SOD-323)
Added Component: Designator=D2_LED1(SOD-523)
Added Component: Designator=D2_LED2(SOD-523)
Added Component: Designator=E1(CST/FLOMIO/ANT)
Added Component: Designator=E2(CST/FLOMIO/ANT)
Added Component: Designator=FB1(SM/I_0603)
Added Component: Designator=FB2(SM/I_0603)
Added Component: Designator=FID1_LED1(FID32)
Added Component: Designator=FID1_LED2(FID32)
Added Component: Designator=FID2_LED1(FID32)
Added Component: Designator=FID2_LED2(FID32)
Added Component: Designator=FID3_LED1(FID32)
Added Component: Designator=FID3_LED2(FID32)
Added Component: Designator=FID4(FID32)
Added Component: Designator=FID5(FID32)
Added Component: Designator=FID6(FID32)
Added Component: Designator=FID7(FID32)
Added Component: Designator=FID8(FID32)
Added Component: Designator=FID9(FID32)
Added Component: Designator=FID10(FID32)
Added Component: Designator=FID11(FID32)
Added Component: Designator=FID12(FID32)
Added Component: Designator=J1(HDR/SM/2X5/1.27MM)
Added Component: Designator=L1_LED1(SM/I_0805)
Added Component: Designator=L1_LED2(SM/I_0805)
Added Component: Designator=L2(SM/I_0603)
Added Component: Designator=L3(SM/I_0603)
Added Component: Designator=L4(SM/I_0603)
Added Component: Designator=L5(SM/I_0402)
Added Component: Designator=L6(SM/I_0402)
Added Component: Designator=L7(SM/I_0402)
Added Component: Designator=L8(SM/I_0402)
Added Component: Designator=LED1_LED1(LED/AVAGO/HSMF-C115)
Added Component: Designator=LED1_LED2(LED/AVAGO/HSMF-C115)
Added Component: Designator=LED2_LED1(LED/AVAGO/HSMF-C115)
Added Component: Designator=LED2_LED2(LED/AVAGO/HSMF-C115)
Added Component: Designator=LED3_LED1(LED/AVAGO/HSMF-C115)
Added Component: Designator=LED3_LED2(LED/AVAGO/HSMF-C115)
Added Component: Designator=LED4_LED1(LED/AVAGO/HSMF-C115)
Added Component: Designator=LED4_LED2(LED/AVAGO/HSMF-C115)
Added Component: Designator=R1_LED1(SM/R_0402)
Added Component: Designator=R1_LED2(SM/R_0402)
Added Component: Designator=R2(SM/R_0603)
Added Component: Designator=R3_LED1(SM/R_0402)
Added Component: Designator=R3_LED2(SM/R_0402)
Added Component: Designator=R4(SM/R_0603)
Added Component: Designator=R5_LED1(SM/R_0402)
Added Component: Designator=R5_LED2(SM/R_0402)
Added Component: Designator=R6_LED1(SM/R_0402)
Added Component: Designator=R6_LED2(SM/R_0402)
Added Component: Designator=R7_LED1(SM/R_0402)
Added Component: Designator=R7_LED2(SM/R_0402)
Added Component: Designator=R8(SM/R_0603)
Added Component: Designator=R9(SM/R_0603)
Added Component: Designator=R10(SM/R_0603)
Added Component: Designator=R11(SM/R_0603)
Added Component: Designator=R12(SM/R_0603)
Added Component: Designator=R13(SM/R_0603)
Added Component: Designator=R14(SM/R_0603)
Added Component: Designator=R15(SM/R_0603)
Added Component: Designator=R16(SM/R_0603)
Added Component: Designator=R17(SM/R_0603)
Added Component: Designator=R18(SM/R_0603)
Added Component: Designator=R19(SM/R_0603)
Added Component: Designator=R20(SM/R_0603)
Added Component: Designator=TP1_LED1(VIA18)
Added Component: Designator=TP1_LED2(VIA18)
Added Component: Designator=TP2_LED1(VIA18)
Added Component: Designator=TP2_LED2(VIA18)
Added Component: Designator=TP3_LED1(VIA18)
Added Component: Designator=TP3_LED2(VIA18)
Added Component: Designator=TP4(VIA18)
Added Component: Designator=TP5(VIA18)
Added Component: Designator=TP6(VIA18)
Added Component: Designator=TP7_LED1(VIA18)
Added Component: Designator=TP7_LED2(VIA18)
Added Component: Designator=TP8_LED1(VIA18)
Added Component: Designator=TP8_LED2(VIA18)
Added Component: Designator=TP9_LED1(VIA18)
Added Component: Designator=TP9_LED2(VIA18)
Added Component: Designator=TP10(VIA18)
Added Component: Designator=TP11(VIA18)
Added Component: Designator=TP12(VIA18)
Added Component: Designator=TP13(VIA18)
Added Component: Designator=TP14(VIA18)
Added Component: Designator=TP15(VIA18)
Added Component: Designator=U1_LED1(QFN50P400X400X80-24N)
Added Component: Designator=U1_LED2(QFN50P400X400X80-24N)
Added Component: Designator=U2(SOT23-5)
Added Component: Designator=U3(RHB32_3P45X3P45)
Added Component: Designator=U4(RHA40_4P5X4P5)
Added Component: Designator=Y1(CRYSTAL/ABM8G)
Added Component: Designator=Y2(CRYSTAL/ABS25)
Added Component: Designator=Y3(CRYSTAL/ABM8G)
Added Pin To Net: NetName=ANT_MON Pin=C13-2
Added Pin To Net: NetName=ANT_MON Pin=C14-1
Added Pin To Net: NetName=ANT_MON Pin=C16-1
Added Pin To Net: NetName=ANT_MON Pin=C17-1
Added Pin To Net: NetName=ANT_MON Pin=D1-1
Added Pin To Net: NetName=ANT_MON Pin=L3-2
Added Pin To Net: NetName=ANT_MON Pin=R2-1
Added Pin To Net: NetName=ANT_MON Pin=TP6-1
Added Net: Name=ANT_MON
Added Pin To Net: NetName=ASK Pin=U3-12
Added Pin To Net: NetName=ASK Pin=U4-17
Added Net: Name=ASK
Added Pin To Net: NetName=BAND_GAP Pin=C21-1
Added Pin To Net: NetName=BAND_GAP Pin=C22-1
Added Pin To Net: NetName=BAND_GAP Pin=U3-11
Added Net: Name=BAND_GAP
Added Pin To Net: NetName=BATDTCT Pin=R8-2
Added Pin To Net: NetName=BATDTCT Pin=R9-1
Added Pin To Net: NetName=BATDTCT Pin=U4-13
Added Net: Name=BATDTCT
Added Pin To Net: NetName=BRD_ID1 Pin=R12-2
Added Pin To Net: NetName=BRD_ID1 Pin=R16-1
Added Pin To Net: NetName=BRD_ID1 Pin=U4-11
Added Net: Name=BRD_ID1
Added Pin To Net: NetName=BRD_ID2 Pin=R17-2
Added Pin To Net: NetName=BRD_ID2 Pin=R18-1
Added Pin To Net: NetName=BRD_ID2 Pin=U4-9
Added Net: Name=BRD_ID2
Added Pin To Net: NetName=CI1 Pin=TP2_LED1-1
Added Pin To Net: NetName=CI1 Pin=U1_LED1-11
Added Pin To Net: NetName=CI1 Pin=U4-16
Added Net: Name=CI1
Added Pin To Net: NetName=CI2 Pin=R1_LED1-2
Added Pin To Net: NetName=CI2 Pin=TP2_LED2-1
Added Pin To Net: NetName=CI2 Pin=U1_LED2-11
Added Net: Name=CI2
Added Pin To Net: NetName=CLK Pin=U3-26
Added Pin To Net: NetName=CLK Pin=U4-7
Added Net: Name=CLK
Added Pin To Net: NetName=CO2 Pin=R1_LED2-2
Added Net: Name=CO2
Added Pin To Net: NetName=DBG_CLK Pin=J1-3
Added Pin To Net: NetName=DBG_CLK Pin=R10-2
Added Pin To Net: NetName=DBG_CLK Pin=U4-34
Added Net: Name=DBG_CLK
Added Pin To Net: NetName=DBG_DATA Pin=J1-4
Added Pin To Net: NetName=DBG_DATA Pin=U4-35
Added Net: Name=DBG_DATA
Added Pin To Net: NetName=DCOUPL Pin=C40-1
Added Pin To Net: NetName=DCOUPL Pin=C41-1
Added Pin To Net: NetName=DCOUPL Pin=U4-40
Added Net: Name=DCOUPL
Added Pin To Net: NetName=DI1 Pin=TP9_LED1-1
Added Pin To Net: NetName=DI1 Pin=U1_LED1-12
Added Pin To Net: NetName=DI1 Pin=U4-15
Added Net: Name=DI1
Added Pin To Net: NetName=DI2 Pin=R3_LED1-2
Added Pin To Net: NetName=DI2 Pin=TP9_LED2-1
Added Pin To Net: NetName=DI2 Pin=U1_LED2-12
Added Net: Name=DI2
Added Pin To Net: NetName=DO2 Pin=R3_LED2-2
Added Net: Name=DO2
Added Pin To Net: NetName=EN2 Pin=R14-1
Added Pin To Net: NetName=EN2 Pin=U3-25
Added Net: Name=EN2
Added Pin To Net: NetName=EN Pin=U3-28
Added Pin To Net: NetName=EN Pin=U4-19
Added Net: Name=EN
Added Pin To Net: NetName=GND Pin=B1-2
Added Pin To Net: NetName=GND Pin=C1-2
Added Pin To Net: NetName=GND Pin=C2-2
Added Pin To Net: NetName=GND Pin=C3-2
Added Pin To Net: NetName=GND Pin=C4-2
Added Pin To Net: NetName=GND Pin=C5-2
Added Pin To Net: NetName=GND Pin=C6-2
Added Pin To Net: NetName=GND Pin=C7-2
Added Pin To Net: NetName=GND Pin=C11-2
Added Pin To Net: NetName=GND Pin=C12-2
Added Pin To Net: NetName=GND Pin=C15-2
Added Pin To Net: NetName=GND Pin=C16-2
Added Pin To Net: NetName=GND Pin=C17-2
Added Pin To Net: NetName=GND Pin=C20-2
Added Pin To Net: NetName=GND Pin=C21-2
Added Pin To Net: NetName=GND Pin=C22-2
Added Pin To Net: NetName=GND Pin=C23_LED1-2
Added Pin To Net: NetName=GND Pin=C23_LED2-2
Added Pin To Net: NetName=GND Pin=C24_LED1-2
Added Pin To Net: NetName=GND Pin=C24_LED2-2
Added Pin To Net: NetName=GND Pin=C25-2
Added Pin To Net: NetName=GND Pin=C26-2
Added Pin To Net: NetName=GND Pin=C27-2
Added Pin To Net: NetName=GND Pin=C28-2
Added Pin To Net: NetName=GND Pin=C29-2
Added Pin To Net: NetName=GND Pin=C30-2
Added Pin To Net: NetName=GND Pin=C31-2
Added Pin To Net: NetName=GND Pin=C32-2
Added Pin To Net: NetName=GND Pin=C33-2
Added Pin To Net: NetName=GND Pin=C34-2
Added Pin To Net: NetName=GND Pin=C35-2
Added Pin To Net: NetName=GND Pin=C36-2
Added Pin To Net: NetName=GND Pin=C37-2
Added Pin To Net: NetName=GND Pin=C38-2
Added Pin To Net: NetName=GND Pin=C39-2
Added Pin To Net: NetName=GND Pin=C40-2
Added Pin To Net: NetName=GND Pin=C41-2
Added Pin To Net: NetName=GND Pin=C42-1
Added Pin To Net: NetName=GND Pin=C43-1
Added Pin To Net: NetName=GND Pin=C44-2
Added Pin To Net: NetName=GND Pin=C48-1
Added Pin To Net: NetName=GND Pin=C49-1
Added Pin To Net: NetName=GND Pin=C50-1
Added Pin To Net: NetName=GND Pin=C51-1
Added Pin To Net: NetName=GND Pin=D2_LED1-1
Added Pin To Net: NetName=GND Pin=D2_LED2-1
Added Pin To Net: NetName=GND Pin=E2-1
Added Pin To Net: NetName=GND Pin=J1-1
Added Pin To Net: NetName=GND Pin=L4-2
Added Pin To Net: NetName=GND Pin=L5-1
Added Pin To Net: NetName=GND Pin=R4-2
Added Pin To Net: NetName=GND Pin=R5_LED1-2
Added Pin To Net: NetName=GND Pin=R5_LED2-2
Added Pin To Net: NetName=GND Pin=R6_LED1-2
Added Pin To Net: NetName=GND Pin=R6_LED2-2
Added Pin To Net: NetName=GND Pin=R7_LED1-2
Added Pin To Net: NetName=GND Pin=R7_LED2-2
Added Pin To Net: NetName=GND Pin=R9-2
Added Pin To Net: NetName=GND Pin=R13-2
Added Pin To Net: NetName=GND Pin=R14-2
Added Pin To Net: NetName=GND Pin=R15-2
Added Pin To Net: NetName=GND Pin=R16-2
Added Pin To Net: NetName=GND Pin=R18-2
Added Pin To Net: NetName=GND Pin=R19-2
Added Pin To Net: NetName=GND Pin=U1_LED1-10
Added Pin To Net: NetName=GND Pin=U1_LED1-25
Added Pin To Net: NetName=GND Pin=U1_LED2-10
Added Pin To Net: NetName=GND Pin=U1_LED2-25
Added Pin To Net: NetName=GND Pin=U2-2
Added Pin To Net: NetName=GND Pin=U3-6
Added Pin To Net: NetName=GND Pin=U3-7
Added Pin To Net: NetName=GND Pin=U3-10
Added Pin To Net: NetName=GND Pin=U3-15
Added Pin To Net: NetName=GND Pin=U3-29
Added Pin To Net: NetName=GND Pin=U3-33
Added Pin To Net: NetName=GND Pin=U4-1
Added Pin To Net: NetName=GND Pin=U4-2
Added Pin To Net: NetName=GND Pin=U4-3
Added Pin To Net: NetName=GND Pin=U4-4
Added Pin To Net: NetName=GND Pin=U4-41
Added Pin To Net: NetName=GND Pin=Y1-2
Added Pin To Net: NetName=GND Pin=Y1-4
Added Pin To Net: NetName=GND Pin=Y3-2
Added Pin To Net: NetName=GND Pin=Y3-4
Added Net: Name=GND
Added Pin To Net: NetName=GPIO1 Pin=U3-20
Added Pin To Net: NetName=GPIO1 Pin=U4-38
Added Net: Name=GPIO1
Added Pin To Net: NetName=GPIO2 Pin=U3-22
Added Pin To Net: NetName=GPIO2 Pin=U4-37
Added Net: Name=GPIO2
Added Pin To Net: NetName=I/O_0 Pin=R15-1
Added Pin To Net: NetName=I/O_0 Pin=U3-17
Added Net: Name=I/O_0
Added Pin To Net: NetName=IRQ Pin=U3-13
Added Net: Name=IRQ
Added Pin To Net: NetName=MISO Pin=U3-23
Added Pin To Net: NetName=MISO Pin=U4-6
Added Net: Name=MISO
Added Pin To Net: NetName=MOD Pin=U3-14
Added Pin To Net: NetName=MOD Pin=U4-18
Added Net: Name=MOD
Added Pin To Net: NetName=MOSI Pin=U3-24
Added Pin To Net: NetName=MOSI Pin=U4-5
Added Net: Name=MOSI
Added Pin To Net: NetName=NetC8_2 Pin=C8-2
Added Pin To Net: NetName=NetC8_2 Pin=C9-2
Added Pin To Net: NetName=NetC8_2 Pin=L2-1
Added Pin To Net: NetName=NetC8_2 Pin=TP4-1
Added Net: Name=NetC8_2
Added Pin To Net: NetName=NetC10_1 Pin=C10-1
Added Pin To Net: NetName=NetC10_1 Pin=C12-1
Added Pin To Net: NetName=NetC10_1 Pin=C13-1
Added Pin To Net: NetName=NetC10_1 Pin=L2-2
Added Pin To Net: NetName=NetC10_1 Pin=L3-1
Added Pin To Net: NetName=NetC10_1 Pin=TP5-1
Added Net: Name=NetC10_1
Added Pin To Net: NetName=NetC18_1 Pin=C18-1
Added Pin To Net: NetName=NetC18_1 Pin=C19-1
Added Pin To Net: NetName=NetC18_1 Pin=R2-2
Added Net: Name=NetC18_1
Added Pin To Net: NetName=NetC18_2 Pin=C18-2
Added Pin To Net: NetName=NetC18_2 Pin=C19-2
Added Pin To Net: NetName=NetC18_2 Pin=C20-1
Added Pin To Net: NetName=NetC18_2 Pin=E1-1
Added Pin To Net: NetName=NetC18_2 Pin=L4-1
Added Pin To Net: NetName=NetC18_2 Pin=R4-1
Added Net: Name=NetC18_2
Added Pin To Net: NetName=NetC45_2 Pin=C45-2
Added Pin To Net: NetName=NetC45_2 Pin=C46-1
Added Pin To Net: NetName=NetC45_2 Pin=L5-2
Added Net: Name=NetC45_2
Added Pin To Net: NetName=NetC46_2 Pin=C46-2
Added Pin To Net: NetName=NetC46_2 Pin=L6-1
Added Pin To Net: NetName=NetC46_2 Pin=L8-2
Added Net: Name=NetC46_2
Added Pin To Net: NetName=NetC47_2 Pin=C47-2
Added Pin To Net: NetName=NetC47_2 Pin=C50-2
Added Pin To Net: NetName=NetC47_2 Pin=L8-1
Added Net: Name=NetC47_2
Added Pin To Net: NetName=NetC51_2 Pin=C51-2
Added Pin To Net: NetName=NetC51_2 Pin=L6-2
Added Pin To Net: NetName=NetC51_2 Pin=L7-1
Added Pin To Net: NetName=NetC51_2 Pin=TP15-1
Added Net: Name=NetC51_2
Added Pin To Net: NetName=NetD1_2 Pin=D1-2
Added Pin To Net: NetName=NetD1_2 Pin=R20-1
Added Net: Name=NetD1_2
Added Pin To Net: NetName=NetJ1_10 Pin=J1-10
Added Pin To Net: NetName=NetJ1_10 Pin=R11-1
Added Net: Name=NetJ1_10
Added Pin To Net: NetName=NetR1_LED1_1 Pin=R1_LED1-1
Added Pin To Net: NetName=NetR1_LED1_1 Pin=U1_LED1-16
Added Net: Name=NetR1_LED1_1
Added Pin To Net: NetName=NetR1_LED2_1 Pin=R1_LED2-1
Added Pin To Net: NetName=NetR1_LED2_1 Pin=U1_LED2-16
Added Net: Name=NetR1_LED2_1
Added Pin To Net: NetName=NetR3_LED1_1 Pin=R3_LED1-1
Added Pin To Net: NetName=NetR3_LED1_1 Pin=U1_LED1-15
Added Net: Name=NetR3_LED1_1
Added Pin To Net: NetName=NetR3_LED2_1 Pin=R3_LED2-1
Added Pin To Net: NetName=NetR3_LED2_1 Pin=U1_LED2-15
Added Net: Name=NetR3_LED2_1
Added Pin To Net: NetName=NetR5_LED1_1 Pin=R5_LED1-1
Added Pin To Net: NetName=NetR5_LED1_1 Pin=TP3_LED1-1
Added Pin To Net: NetName=NetR5_LED1_1 Pin=U1_LED1-18
Added Net: Name=NetR5_LED1_1
Added Pin To Net: NetName=NetR5_LED2_1 Pin=R5_LED2-1
Added Pin To Net: NetName=NetR5_LED2_1 Pin=TP3_LED2-1
Added Pin To Net: NetName=NetR5_LED2_1 Pin=U1_LED2-18
Added Net: Name=NetR5_LED2_1
Added Pin To Net: NetName=NetR6_LED1_1 Pin=R6_LED1-1
Added Pin To Net: NetName=NetR6_LED1_1 Pin=TP7_LED1-1
Added Pin To Net: NetName=NetR6_LED1_1 Pin=U1_LED1-19
Added Net: Name=NetR6_LED1_1
Added Pin To Net: NetName=NetR6_LED2_1 Pin=R6_LED2-1
Added Pin To Net: NetName=NetR6_LED2_1 Pin=TP7_LED2-1
Added Pin To Net: NetName=NetR6_LED2_1 Pin=U1_LED2-19
Added Net: Name=NetR6_LED2_1
Added Pin To Net: NetName=NetR7_LED1_1 Pin=R7_LED1-1
Added Pin To Net: NetName=NetR7_LED1_1 Pin=TP8_LED1-1
Added Pin To Net: NetName=NetR7_LED1_1 Pin=U1_LED1-20
Added Net: Name=NetR7_LED1_1
Added Pin To Net: NetName=NetR7_LED2_1 Pin=R7_LED2-1
Added Pin To Net: NetName=NetR7_LED2_1 Pin=TP8_LED2-1
Added Pin To Net: NetName=NetR7_LED2_1 Pin=U1_LED2-20
Added Net: Name=NetR7_LED2_1
Added Pin To Net: NetName=NetTP13_1 Pin=TP13-1
Added Pin To Net: NetName=NetTP13_1 Pin=U4-36
Added Net: Name=NetTP13_1
Added Pin To Net: NetName=NetTP14_1 Pin=TP14-1
Added Pin To Net: NetName=NetTP14_1 Pin=U4-12
Added Net: Name=NetTP14_1
Added Pin To Net: NetName=OSC_IN Pin=C4-1
Added Pin To Net: NetName=OSC_IN Pin=U3-31
Added Pin To Net: NetName=OSC_IN Pin=Y1-1
Added Net: Name=OSC_IN
Added Pin To Net: NetName=OSC_OUT Pin=C26-1
Added Pin To Net: NetName=OSC_OUT Pin=U3-30
Added Pin To Net: NetName=OSC_OUT Pin=Y1-3
Added Net: Name=OSC_OUT
Added Pin To Net: NetName=OUT_B0_LED1 Pin=LED1_LED1-1
Added Pin To Net: NetName=OUT_B0_LED1 Pin=U1_LED1-7
Added Net: Name=OUT_B0_LED1
Added Pin To Net: NetName=OUT_B0_LED2 Pin=LED1_LED2-1
Added Pin To Net: NetName=OUT_B0_LED2 Pin=U1_LED2-7
Added Net: Name=OUT_B0_LED2
Added Pin To Net: NetName=OUT_B1_LED1 Pin=LED2_LED1-1
Added Pin To Net: NetName=OUT_B1_LED1 Pin=U1_LED1-4
Added Net: Name=OUT_B1_LED1
Added Pin To Net: NetName=OUT_B1_LED2 Pin=LED2_LED2-1
Added Pin To Net: NetName=OUT_B1_LED2 Pin=U1_LED2-4
Added Net: Name=OUT_B1_LED2
Added Pin To Net: NetName=OUT_B2_LED1 Pin=LED3_LED1-1
Added Pin To Net: NetName=OUT_B2_LED1 Pin=U1_LED1-1
Added Net: Name=OUT_B2_LED1
Added Pin To Net: NetName=OUT_B2_LED2 Pin=LED3_LED2-1
Added Pin To Net: NetName=OUT_B2_LED2 Pin=U1_LED2-1
Added Net: Name=OUT_B2_LED2
Added Pin To Net: NetName=OUT_B3_LED1 Pin=LED4_LED1-1
Added Pin To Net: NetName=OUT_B3_LED1 Pin=U1_LED1-22
Added Net: Name=OUT_B3_LED1
Added Pin To Net: NetName=OUT_B3_LED2 Pin=LED4_LED2-1
Added Pin To Net: NetName=OUT_B3_LED2 Pin=U1_LED2-22
Added Net: Name=OUT_B3_LED2
Added Pin To Net: NetName=OUT_G0_LED1 Pin=LED1_LED1-4
Added Pin To Net: NetName=OUT_G0_LED1 Pin=U1_LED1-8
Added Net: Name=OUT_G0_LED1
Added Pin To Net: NetName=OUT_G0_LED2 Pin=LED1_LED2-4
Added Pin To Net: NetName=OUT_G0_LED2 Pin=U1_LED2-8
Added Net: Name=OUT_G0_LED2
Added Pin To Net: NetName=OUT_G1_LED1 Pin=LED2_LED1-4
Added Pin To Net: NetName=OUT_G1_LED1 Pin=U1_LED1-5
Added Net: Name=OUT_G1_LED1
Added Pin To Net: NetName=OUT_G1_LED2 Pin=LED2_LED2-4
Added Pin To Net: NetName=OUT_G1_LED2 Pin=U1_LED2-5
Added Net: Name=OUT_G1_LED2
Added Pin To Net: NetName=OUT_G2_LED1 Pin=LED3_LED1-4
Added Pin To Net: NetName=OUT_G2_LED1 Pin=U1_LED1-2
Added Net: Name=OUT_G2_LED1
Added Pin To Net: NetName=OUT_G2_LED2 Pin=LED3_LED2-4
Added Pin To Net: NetName=OUT_G2_LED2 Pin=U1_LED2-2
Added Net: Name=OUT_G2_LED2
Added Pin To Net: NetName=OUT_G3_LED1 Pin=LED4_LED1-4
Added Pin To Net: NetName=OUT_G3_LED1 Pin=U1_LED1-23
Added Net: Name=OUT_G3_LED1
Added Pin To Net: NetName=OUT_G3_LED2 Pin=LED4_LED2-4
Added Pin To Net: NetName=OUT_G3_LED2 Pin=U1_LED2-23
Added Net: Name=OUT_G3_LED2
Added Pin To Net: NetName=OUT_R0_LED1 Pin=LED1_LED1-3
Added Pin To Net: NetName=OUT_R0_LED1 Pin=U1_LED1-9
Added Net: Name=OUT_R0_LED1
Added Pin To Net: NetName=OUT_R0_LED2 Pin=LED1_LED2-3
Added Pin To Net: NetName=OUT_R0_LED2 Pin=U1_LED2-9
Added Net: Name=OUT_R0_LED2
Added Pin To Net: NetName=OUT_R1_LED1 Pin=LED2_LED1-3
Added Pin To Net: NetName=OUT_R1_LED1 Pin=U1_LED1-6
Added Net: Name=OUT_R1_LED1
Added Pin To Net: NetName=OUT_R1_LED2 Pin=LED2_LED2-3
Added Pin To Net: NetName=OUT_R1_LED2 Pin=U1_LED2-6
Added Net: Name=OUT_R1_LED2
Added Pin To Net: NetName=OUT_R2_LED1 Pin=LED3_LED1-3
Added Pin To Net: NetName=OUT_R2_LED1 Pin=U1_LED1-3
Added Net: Name=OUT_R2_LED1
Added Pin To Net: NetName=OUT_R2_LED2 Pin=LED3_LED2-3
Added Pin To Net: NetName=OUT_R2_LED2 Pin=U1_LED2-3
Added Net: Name=OUT_R2_LED2
Added Pin To Net: NetName=OUT_R3_LED1 Pin=LED4_LED1-3
Added Pin To Net: NetName=OUT_R3_LED1 Pin=U1_LED1-24
Added Net: Name=OUT_R3_LED1
Added Pin To Net: NetName=OUT_R3_LED2 Pin=LED4_LED2-3
Added Pin To Net: NetName=OUT_R3_LED2 Pin=U1_LED2-24
Added Net: Name=OUT_R3_LED2
Added Pin To Net: NetName=R_BIAS Pin=R13-1
Added Pin To Net: NetName=R_BIAS Pin=U4-30
Added Net: Name=R_BIAS
Added Pin To Net: NetName=RF_N Pin=C45-1
Added Pin To Net: NetName=RF_N Pin=U4-26
Added Net: Name=RF_N
Added Pin To Net: NetName=RF_P Pin=C47-1
Added Pin To Net: NetName=RF_P Pin=U4-25
Added Net: Name=RF_P
Added Pin To Net: NetName=RSTN Pin=C44-1
Added Pin To Net: NetName=RSTN Pin=R11-2
Added Pin To Net: NetName=RSTN Pin=U4-20
Added Net: Name=RSTN
Added Pin To Net: NetName=RX_IN1 Pin=C10-2
Added Pin To Net: NetName=RX_IN1 Pin=C11-1
Added Pin To Net: NetName=RX_IN1 Pin=TP11-1
Added Pin To Net: NetName=RX_IN1 Pin=U3-8
Added Net: Name=RX_IN1
Added Pin To Net: NetName=RX_IN2 Pin=C14-2
Added Pin To Net: NetName=RX_IN2 Pin=C15-1
Added Pin To Net: NetName=RX_IN2 Pin=TP12-1
Added Pin To Net: NetName=RX_IN2 Pin=U3-9
Added Net: Name=RX_IN2
Added Pin To Net: NetName=SLAVE_SELECT Pin=U3-21
Added Pin To Net: NetName=SLAVE_SELECT Pin=U4-8
Added Net: Name=SLAVE_SELECT
Added Pin To Net: NetName=SNIF Pin=C31-1
Added Pin To Net: NetName=SNIF Pin=R19-1
Added Pin To Net: NetName=SNIF Pin=R20-2
Added Pin To Net: NetName=SNIF Pin=U4-14
Added Net: Name=SNIF
Added Pin To Net: NetName=TX_OUT Pin=C8-1
Added Pin To Net: NetName=TX_OUT Pin=C9-1
Added Pin To Net: NetName=TX_OUT Pin=TP10-1
Added Pin To Net: NetName=TX_OUT Pin=U3-5
Added Net: Name=TX_OUT
Added Pin To Net: NetName=VBAT Pin=B1-1
Added Pin To Net: NetName=VBAT Pin=C25-1
Added Pin To Net: NetName=VBAT Pin=LED1_LED1-2
Added Pin To Net: NetName=VBAT Pin=LED1_LED2-2
Added Pin To Net: NetName=VBAT Pin=LED2_LED1-2
Added Pin To Net: NetName=VBAT Pin=LED2_LED2-2
Added Pin To Net: NetName=VBAT Pin=LED3_LED1-2
Added Pin To Net: NetName=VBAT Pin=LED3_LED2-2
Added Pin To Net: NetName=VBAT Pin=LED4_LED1-2
Added Pin To Net: NetName=VBAT Pin=LED4_LED2-2
Added Pin To Net: NetName=VBAT Pin=R8-1
Added Pin To Net: NetName=VBAT Pin=U2-1
Added Net: Name=VBAT
Added Pin To Net: NetName=VCCBLE Pin=C32-1
Added Pin To Net: NetName=VCCBLE Pin=C33-1
Added Pin To Net: NetName=VCCBLE Pin=C34-1
Added Pin To Net: NetName=VCCBLE Pin=C35-1
Added Pin To Net: NetName=VCCBLE Pin=C36-1
Added Pin To Net: NetName=VCCBLE Pin=C37-1
Added Pin To Net: NetName=VCCBLE Pin=C38-1
Added Pin To Net: NetName=VCCBLE Pin=C39-1
Added Pin To Net: NetName=VCCBLE Pin=FB1-2
Added Pin To Net: NetName=VCCBLE Pin=J1-2
Added Pin To Net: NetName=VCCBLE Pin=R10-1
Added Pin To Net: NetName=VCCBLE Pin=R12-1
Added Pin To Net: NetName=VCCBLE Pin=R17-1
Added Pin To Net: NetName=VCCBLE Pin=U4-10
Added Pin To Net: NetName=VCCBLE Pin=U4-21
Added Pin To Net: NetName=VCCBLE Pin=U4-24
Added Pin To Net: NetName=VCCBLE Pin=U4-27
Added Pin To Net: NetName=VCCBLE Pin=U4-28
Added Pin To Net: NetName=VCCBLE Pin=U4-29
Added Pin To Net: NetName=VCCBLE Pin=U4-31
Added Pin To Net: NetName=VCCBLE Pin=U4-39
Added Net: Name=VCCBLE
Added Pin To Net: NetName=VCCNFC Pin=C3-1
Added Pin To Net: NetName=VCCNFC Pin=C5-1
Added Pin To Net: NetName=VCCNFC Pin=C30-1
Added Pin To Net: NetName=VCCNFC Pin=FB2-2
Added Pin To Net: NetName=VCCNFC Pin=U3-2
Added Pin To Net: NetName=VCCNFC Pin=U3-16
Added Pin To Net: NetName=VCCNFC Pin=U3-18
Added Pin To Net: NetName=VCCNFC Pin=U3-19
Added Net: Name=VCCNFC
Added Pin To Net: NetName=VCC Pin=C27-1
Added Pin To Net: NetName=VCC Pin=FB1-1
Added Pin To Net: NetName=VCC Pin=FB2-1
Added Pin To Net: NetName=VCC Pin=L1_LED1-1
Added Pin To Net: NetName=VCC Pin=L1_LED2-1
Added Pin To Net: NetName=VCC Pin=U2-5
Added Net: Name=VCC
Added Pin To Net: NetName=VDD_A Pin=C1-1
Added Pin To Net: NetName=VDD_A Pin=C2-1
Added Pin To Net: NetName=VDD_A Pin=U3-1
Added Net: Name=VDD_A
Added Pin To Net: NetName=VDD_LED_DRV_LED1 Pin=C23_LED1-1
Added Pin To Net: NetName=VDD_LED_DRV_LED1 Pin=C24_LED1-1
Added Pin To Net: NetName=VDD_LED_DRV_LED1 Pin=D2_LED1-2
Added Pin To Net: NetName=VDD_LED_DRV_LED1 Pin=L1_LED1-2
Added Pin To Net: NetName=VDD_LED_DRV_LED1 Pin=TP1_LED1-1
Added Pin To Net: NetName=VDD_LED_DRV_LED1 Pin=U1_LED1-21
Added Net: Name=VDD_LED_DRV_LED1
Added Pin To Net: NetName=VDD_LED_DRV_LED2 Pin=C23_LED2-1
Added Pin To Net: NetName=VDD_LED_DRV_LED2 Pin=C24_LED2-1
Added Pin To Net: NetName=VDD_LED_DRV_LED2 Pin=D2_LED2-2
Added Pin To Net: NetName=VDD_LED_DRV_LED2 Pin=L1_LED2-2
Added Pin To Net: NetName=VDD_LED_DRV_LED2 Pin=TP1_LED2-1
Added Pin To Net: NetName=VDD_LED_DRV_LED2 Pin=U1_LED2-21
Added Net: Name=VDD_LED_DRV_LED2
Added Pin To Net: NetName=VDD_RF Pin=C6-1
Added Pin To Net: NetName=VDD_RF Pin=C7-1
Added Pin To Net: NetName=VDD_RF Pin=U3-3
Added Pin To Net: NetName=VDD_RF Pin=U3-4
Added Net: Name=VDD_RF
Added Pin To Net: NetName=VDD_X Pin=C28-1
Added Pin To Net: NetName=VDD_X Pin=C29-1
Added Pin To Net: NetName=VDD_X Pin=U3-32
Added Net: Name=VDD_X
Added Pin To Net: NetName=XOSC32K_Q1 Pin=C42-2
Added Pin To Net: NetName=XOSC32K_Q1 Pin=U4-32
Added Pin To Net: NetName=XOSC32K_Q1 Pin=Y2-1
Added Net: Name=XOSC32K_Q1
Added Pin To Net: NetName=XOSC32K_Q2 Pin=C43-2
Added Pin To Net: NetName=XOSC32K_Q2 Pin=U4-33
Added Pin To Net: NetName=XOSC32K_Q2 Pin=Y2-4
Added Net: Name=XOSC32K_Q2
Added Pin To Net: NetName=XOSC_Q1 Pin=C48-2
Added Pin To Net: NetName=XOSC_Q1 Pin=U4-22
Added Pin To Net: NetName=XOSC_Q1 Pin=Y3-1
Added Net: Name=XOSC_Q1
Added Pin To Net: NetName=XOSC_Q2 Pin=C49-2
Added Pin To Net: NetName=XOSC_Q2 Pin=U4-23
Added Pin To Net: NetName=XOSC_Q2 Pin=Y3-3
Added Net: Name=XOSC_Q2
Added Class: Name=LED1
Added Class: Name=LED2
Added Class: Name=U_Flomio BLE-NFC - Power
Added Class: Name=U_Flomio BLE-NFC - RFID
Added Class: Name=U_Flomio BLE-NFC - SoC
Added Class: Name=CI[1..2]
Added Class: Name=CO[1..2]
Added Class: Name=DI[1..2]
Added Class: Name=DO[1..2]
Added Class: Name=Flomio BLE-NFC - LED Array
Added Room: Name=LED1
Added Room: Name=LED2
Added Room: Name=U_Flomio BLE-NFC - Power
Added Room: Name=U_Flomio BLE-NFC - RFID
Added Room: Name=U_Flomio BLE-NFC - SoC
