Change Component Designator: Old Designator=C18 New Designator=C?
Change Component Designator: Old Designator=C19 New Designator=C?
Change Component Designator: Old Designator=D2 New Designator=D?
Change Component Designator: Old Designator=FID7 New Designator=FID?
Change Component Designator: Old Designator=FID8 New Designator=FID?
Change Component Designator: Old Designator=FID9 New Designator=FID?
Change Component Designator: Old Designator=L4 New Designator=L?
Change Component Designator: Old Designator=LED1 New Designator=LED?
Change Component Designator: Old Designator=LED2 New Designator=LED?
Change Component Designator: Old Designator=LED3 New Designator=LED?
Change Component Designator: Old Designator=LED4 New Designator=LED?
Change Component Designator: Old Designator=R9 New Designator=R?
Change Component Designator: Old Designator=R10 New Designator=R?
Change Component Designator: Old Designator=R16 New Designator=R?
Change Component Designator: Old Designator=R17 New Designator=R?
Change Component Designator: Old Designator=R18 New Designator=R?
Change Component Designator: Old Designator=TP49 New Designator=TP?
Change Component Designator: Old Designator=TP50 New Designator=TP?
Change Component Designator: Old Designator=TP61 New Designator=TP?
Change Component Designator: Old Designator=TP62 New Designator=TP?
Change Component Designator: Old Designator=TP63 New Designator=TP?
Change Component Designator: Old Designator=TP64 New Designator=TP?
Change Component Designator: Old Designator=U4 New Designator=U?
