Removed Pin From Net: NetName=OUT_B21. Pin=U4-1
Removed Pin From Net: NetName=OUT_G21. Pin=U4-2
Removed Pin From Net: NetName=OUT_R21. Pin=U4-3
Removed Pin From Net: NetName=OUT_B11. Pin=U4-4
Removed Pin From Net: NetName=OUT_G11. Pin=U4-5
Removed Pin From Net: NetName=OUT_R11. Pin=U4-6
Removed Pin From Net: NetName=OUT_B01. Pin=U4-7
Removed Pin From Net: NetName=OUT_G01. Pin=U4-8
Removed Pin From Net: NetName=OUT_R01. Pin=U4-9
Removed Pin From Net: NetName=GND Pin=U4-10
Removed Pin From Net: NetName=CI1 Pin=U4-11
Removed Pin From Net: NetName=DI1 Pin=U4-12
Removed Pin From Net: NetName=NetR17_1 Pin=U4-15
Removed Pin From Net: NetName=NetR16_1 Pin=U4-16
Removed Pin From Net: NetName=NetR18_1 Pin=U4-18
Removed Pin From Net: NetName=NetR19_1 Pin=U4-19
Removed Pin From Net: NetName=NetR20_1 Pin=U4-20
Removed Pin From Net: NetName=VDD_LED_DRV1. Pin=U4-21
Removed Pin From Net: NetName=OUT_B31. Pin=U4-22
Removed Pin From Net: NetName=OUT_G31. Pin=U4-23
Removed Pin From Net: NetName=OUT_R31. Pin=U4-24
Removed Pin From Net: NetName=GND Pin=U4-25
Removed Pin From Net: NetName=OUT_B22. Pin=U5-1
Removed Pin From Net: NetName=OUT_G22. Pin=U5-2
Removed Pin From Net: NetName=OUT_R22. Pin=U5-3
Removed Pin From Net: NetName=OUT_B12. Pin=U5-4
Removed Pin From Net: NetName=OUT_G12. Pin=U5-5
Removed Pin From Net: NetName=OUT_R12. Pin=U5-6
Removed Pin From Net: NetName=OUT_B02. Pin=U5-7
Removed Pin From Net: NetName=OUT_G02. Pin=U5-8
Removed Pin From Net: NetName=OUT_R02. Pin=U5-9
Removed Pin From Net: NetName=GND Pin=U5-10
Removed Pin From Net: NetName=CI2 Pin=U5-11
Removed Pin From Net: NetName=DI2 Pin=U5-12
Removed Pin From Net: NetName=NetR22_1 Pin=U5-15
Removed Pin From Net: NetName=NetR21_1 Pin=U5-16
Removed Pin From Net: NetName=NetR23_1 Pin=U5-18
Removed Pin From Net: NetName=NetR24_1 Pin=U5-19
Removed Pin From Net: NetName=NetR25_1 Pin=U5-20
Removed Pin From Net: NetName=VDD_LED_DRV2. Pin=U5-21
Removed Pin From Net: NetName=OUT_B32. Pin=U5-22
Removed Pin From Net: NetName=OUT_G32. Pin=U5-23
Removed Pin From Net: NetName=OUT_R32. Pin=U5-24
Removed Pin From Net: NetName=GND Pin=U5-25
Removed Member From Class: ClassName=LED1 Member=U4
Removed Member From Class: ClassName=LED2 Member=U5
Added Component: Designator=U1.1(QFN50P400X400X80-24N)
Added Component: Designator=U2.1(QFN50P400X400X80-24N)
Added Pin To Net: NetName=OUT_B21. Pin=U1.1-1
Added Pin To Net: NetName=OUT_G21. Pin=U1.1-2
Added Pin To Net: NetName=OUT_R21. Pin=U1.1-3
Added Pin To Net: NetName=OUT_B11. Pin=U1.1-4
Added Pin To Net: NetName=OUT_G11. Pin=U1.1-5
Added Pin To Net: NetName=OUT_R11. Pin=U1.1-6
Added Pin To Net: NetName=OUT_B01. Pin=U1.1-7
Added Pin To Net: NetName=OUT_G01. Pin=U1.1-8
Added Pin To Net: NetName=OUT_R01. Pin=U1.1-9
Added Pin To Net: NetName=GND Pin=U1.1-10
Added Pin To Net: NetName=CI1 Pin=U1.1-11
Added Pin To Net: NetName=DI1 Pin=U1.1-12
Added Pin To Net: NetName=NetR17_1 Pin=U1.1-15
Added Pin To Net: NetName=NetR16_1 Pin=U1.1-16
Added Pin To Net: NetName=GND Pin=U1.1-17
Added Pin To Net: NetName=NetR18_1 Pin=U1.1-18
Added Pin To Net: NetName=NetR19_1 Pin=U1.1-19
Added Pin To Net: NetName=NetR20_1 Pin=U1.1-20
Added Pin To Net: NetName=VDD_LED_DRV1. Pin=U1.1-21
Added Pin To Net: NetName=OUT_B31. Pin=U1.1-22
Added Pin To Net: NetName=OUT_G31. Pin=U1.1-23
Added Pin To Net: NetName=OUT_R31. Pin=U1.1-24
Added Pin To Net: NetName=GND Pin=U1.1-25
Added Pin To Net: NetName=OUT_B22. Pin=U2.1-1
Added Pin To Net: NetName=OUT_G22. Pin=U2.1-2
Added Pin To Net: NetName=OUT_R22. Pin=U2.1-3
Added Pin To Net: NetName=OUT_B12. Pin=U2.1-4
Added Pin To Net: NetName=OUT_G12. Pin=U2.1-5
Added Pin To Net: NetName=OUT_R12. Pin=U2.1-6
Added Pin To Net: NetName=OUT_B02. Pin=U2.1-7
Added Pin To Net: NetName=OUT_G02. Pin=U2.1-8
Added Pin To Net: NetName=OUT_R02. Pin=U2.1-9
Added Pin To Net: NetName=GND Pin=U2.1-10
Added Pin To Net: NetName=CI2 Pin=U2.1-11
Added Pin To Net: NetName=DI2 Pin=U2.1-12
Added Pin To Net: NetName=NetR22_1 Pin=U2.1-15
Added Pin To Net: NetName=NetR21_1 Pin=U2.1-16
Added Pin To Net: NetName=GND Pin=U2.1-17
Added Pin To Net: NetName=NetR23_1 Pin=U2.1-18
Added Pin To Net: NetName=NetR24_1 Pin=U2.1-19
Added Pin To Net: NetName=NetR25_1 Pin=U2.1-20
Added Pin To Net: NetName=VDD_LED_DRV2. Pin=U2.1-21
Added Pin To Net: NetName=OUT_B32. Pin=U2.1-22
Added Pin To Net: NetName=OUT_G32. Pin=U2.1-23
Added Pin To Net: NetName=OUT_R32. Pin=U2.1-24
Added Pin To Net: NetName=GND Pin=U2.1-25
Added Member To Class: ClassName=LED1 Member=Component U1.1 (U1) MBI6024
Added Member To Class: ClassName=LED2 Member=Component U2.1 (U1) MBI6024
